OK
()
(() (2, 3) 5.70 azul (2, 3) 5.70 - (2, 3) 5.70 verde)
(() (2, 3) 5.70 azul (2, 3) 5.70 - (2, 3) 5.70 verde)
OK
OK
OK
OK
((2, 3) 5.70 - (2, 3) 5.70 verde)
(() (2, 3) 5.70 azul)
OK
(() (2, 3) 5.70 - (2, 3) 5.70 verde (2, 3) 5.70 azul)
OK
OK
((2, 3) 5.70 - (2, 3) 5.70 verde (2, 3) 5.70 azul)
(())
OK
(() (2, 3) 5.70 - (2, 3) 5.70 verde (2, 3) 5.70 azul)
OK
OK
(() (2, 3) 5.70 - (2, 3) 5.70 verde (2, 3) 5.70 azul)
()
OK
(() (2, 3) 5.70 - (2, 3) 5.70 verde (2, 3) 5.70 azul)
OK
OK
()
(() (2, 3) 5.70 - (2, 3) 5.70 verde (2, 3) 5.70 azul)
OK
()
